build/intermediates/proguard-rules/conversationsFreeCompat/release/aapt_rules.txt
# Referenced at merged_manifests\conversationsFreeCompatRelease\AndroidManifest.xml:82
-keep class android.support.v4.app.CoreComponentFactory { <init>(); }
# Referenced at merged_manifests\conversationsFreeCompatRelease\AndroidManifest.xml:311
-keep class android.support.v4.content.FileProvider { <init>(); }
# Referenced at merged_manifests\conversationsFreeCompatRelease\AndroidManifest.xml:320
-keep class com.ru.astron.services.BarcodeProvider { <init>(); }
# Referenced at merged_manifests\conversationsFreeCompatRelease\AndroidManifest.xml:303
-keep class com.ru.astron.services.ContactChooserTargetService { <init>(); }
# Referenced at merged_manifests\conversationsFreeCompatRelease\AndroidManifest.xml:117
-keep class com.ru.astron.services.EventReceiver { <init>(); }
# Referenced at merged_manifests\conversationsFreeCompatRelease\AndroidManifest.xml:301
-keep class com.ru.astron.services.ExportBackupService { <init>(); }
# Referenced at merged_manifests\conversationsFreeCompatRelease\AndroidManifest.xml:302
-keep class com.ru.astron.services.ImportBackupService { <init>(); }
# Referenced at merged_manifests\conversationsFreeCompatRelease\AndroidManifest.xml:115
-keep class com.ru.astron.services.XmppConnectionService { <init>(); }
# Referenced at merged_manifests\conversationsFreeCompatRelease\AndroidManifest.xml:280
-keep class com.ru.astron.ui.AboutActivity { <init>(); }
# Referenced at merged_manifests\conversationsFreeCompatRelease\AndroidManifest.xml:211
-keep class com.ru.astron.ui.BlocklistActivity { <init>(); }
# Referenced at merged_manifests\conversationsFreeCompatRelease\AndroidManifest.xml:214
-keep class com.ru.astron.ui.ChangePasswordActivity { <init>(); }
# Referenced at merged_manifests\conversationsFreeCompatRelease\AndroidManifest.xml:217
-keep class com.ru.astron.ui.ChooseAccountForProfilePictureActivity { <init>(); }
# Referenced at merged_manifests\conversationsFreeCompatRelease\AndroidManifest.xml:208
-keep class com.ru.astron.ui.ChooseContactActivity { <init>(); }
# Referenced at merged_manifests\conversationsFreeCompatRelease\AndroidManifest.xml:237
-keep class com.ru.astron.ui.ConferenceDetailsActivity { <init>(); }
# Referenced at merged_manifests\conversationsFreeCompatRelease\AndroidManifest.xml:241
-keep class com.ru.astron.ui.ContactDetailsActivity { <init>(); }
# Referenced at merged_manifests\conversationsFreeCompatRelease\AndroidManifest.xml:139
-keep class com.ru.astron.ui.ConversationActivity { <init>(); }
# Referenced at merged_manifests\conversationsFreeCompatRelease\AndroidManifest.xml:148
-keep class com.ru.astron.ui.ConversationsActivity { <init>(); }
# Referenced at merged_manifests\conversationsFreeCompatRelease\AndroidManifest.xml:233
-keep class com.ru.astron.ui.EditAccountActivity { <init>(); }
# Referenced at merged_manifests\conversationsFreeCompatRelease\AndroidManifest.xml:106
-keep class com.ru.astron.ui.EditAccountActivity2 { <init>(); }
# Referenced at merged_manifests\conversationsFreeCompatRelease\AndroidManifest.xml:102
-keep class com.ru.astron.ui.ImportBackupActivity { <init>(); }
# Referenced at merged_manifests\conversationsFreeCompatRelease\AndroidManifest.xml:98
-keep class com.ru.astron.ui.MagicCreateActivity { <init>(); }
# Referenced at merged_manifests\conversationsFreeCompatRelease\AndroidManifest.xml:90
-keep class com.ru.astron.ui.ManageAccountActivity { <init>(); }
# Referenced at merged_manifests\conversationsFreeCompatRelease\AndroidManifest.xml:297
-keep class com.ru.astron.ui.MediaBrowserActivity { <init>(); }
# Referenced at merged_manifests\conversationsFreeCompatRelease\AndroidManifest.xml:296
-keep class com.ru.astron.ui.MemorizingActivity { <init>(); }
# Referenced at merged_manifests\conversationsFreeCompatRelease\AndroidManifest.xml:333
-keep class com.ru.astron.ui.MucUsersActivity { <init>(); }
# Referenced at merged_manifests\conversationsFreeCompatRelease\AndroidManifest.xml:248
-keep class com.ru.astron.ui.PublishGroupChatProfilePictureActivity { <init>(); }
# Referenced at merged_manifests\conversationsFreeCompatRelease\AndroidManifest.xml:244
-keep class com.ru.astron.ui.PublishProfilePictureActivity { <init>(); }
# Referenced at merged_manifests\conversationsFreeCompatRelease\AndroidManifest.xml:132
-keep class com.ru.astron.ui.RecordingActivity { <init>(); }
# Referenced at merged_manifests\conversationsFreeCompatRelease\AndroidManifest.xml:155
-keep class com.ru.astron.ui.ScanActivity { <init>(); }
# Referenced at merged_manifests\conversationsFreeCompatRelease\AndroidManifest.xml:129
-keep class com.ru.astron.ui.SearchActivity { <init>(); }
# Referenced at merged_manifests\conversationsFreeCompatRelease\AndroidManifest.xml:199
-keep class com.ru.astron.ui.SettingsActivity { <init>(); }
# Referenced at merged_manifests\conversationsFreeCompatRelease\AndroidManifest.xml:126
-keep class com.ru.astron.ui.ShareLocationActivity { <init>(); }
# Referenced at merged_manifests\conversationsFreeCompatRelease\AndroidManifest.xml:229
-keep class com.ru.astron.ui.ShareViaAccountActivity { <init>(); }
# Referenced at merged_manifests\conversationsFreeCompatRelease\AndroidManifest.xml:251
-keep class com.ru.astron.ui.ShareWithActivity { <init>(); }
# Referenced at merged_manifests\conversationsFreeCompatRelease\AndroidManifest.xml:326
-keep class com.ru.astron.ui.ShortcutActivity { <init>(); }
# Referenced at merged_manifests\conversationsFreeCompatRelease\AndroidManifest.xml:136
-keep class com.ru.astron.ui.ShowLocationActivity { <init>(); }
# Referenced at merged_manifests\conversationsFreeCompatRelease\AndroidManifest.xml:191
-keep class com.ru.astron.ui.StartConversationActivity { <init>(); }
# Referenced at merged_manifests\conversationsFreeCompatRelease\AndroidManifest.xml:276
-keep class com.ru.astron.ui.TrustKeysActivity { <init>(); }
# Referenced at merged_manifests\conversationsFreeCompatRelease\AndroidManifest.xml:160
-keep class com.ru.astron.ui.UriHandlerActivity { <init>(); }
# Referenced at merged_manifests\conversationsFreeCompatRelease\AndroidManifest.xml:94
-keep class com.ru.astron.ui.WelcomeActivity { <init>(); }
# Referenced at merged_manifests\conversationsFreeCompatRelease\AndroidManifest.xml:293
-keep class com.theartofdev.edmodo.cropper.CropImageActivity { <init>(); }
# Referenced at res\layout\design_bottom_navigation_item.xml:27
-keep class android.support.design.internal.BaselineLayout { <init>(...); }

# Referenced at res\layout\design_navigation_item.xml:17
-keep class android.support.design.internal.NavigationMenuItemView { <init>(...); }

# Referenced at res\layout\design_navigation_menu.xml:17
-keep class android.support.design.internal.NavigationMenuView { <init>(...); }

# Referenced at res\layout\design_text_input_password_icon.xml:18
-keep class android.support.design.widget.CheckableImageButton { <init>(...); }

# Referenced at stripped.dir\layout\fragment_conversations_overview.xml:4
# Referenced at res\layout\design_bottom_sheet_dialog.xml:26
# Referenced at stripped.dir\layout\activity_share_location.xml:15
# Referenced at stripped.dir\layout\activity_muc_users.xml:17
# Referenced at stripped.dir\layout\activity_import_backup.xml:29
-keep class android.support.design.widget.CoordinatorLayout { <init>(...); }

# Referenced at res\layout\sd_fab_with_label_view.xml:43
# Referenced at stripped.dir\layout\fragment_conversations_overview.xml:18
# Referenced at stripped.dir\layout\fragment_conversation.xml:28
# Referenced at stripped.dir\layout\activity_show_location.xml:21
# Referenced at stripped.dir\layout\activity_share_location.xml:29
# Referenced at stripped.dir\layout\activity_choose_contact.xml:25
-keep class android.support.design.widget.FloatingActionButton { <init>(...); }

# Referenced at res\layout\mtrl_layout_snackbar.xml:18
# Referenced at res\layout\design_layout_snackbar.xml:18
-keep class android.support.design.widget.Snackbar$SnackbarLayout { <init>(...); }

# Referenced at res\layout\mtrl_layout_snackbar_include.xml:18
# Referenced at res\layout\design_layout_snackbar_include.xml:18
-keep class android.support.design.widget.SnackbarContentLayout { <init>(...); }

# Referenced at stripped.dir\layout\activity_start_conversation.xml:9
-keep class android.support.design.widget.TabLayout { <init>(...); }

# Referenced at stripped.dir\layout\enter_jid_dialog.xml:25
# Referenced at stripped.dir\layout\dialog_quickedit.xml:11
# Referenced at stripped.dir\layout\dialog_presence.xml:49
# Referenced at stripped.dir\layout\dialog_join_conference.xml:25
# Referenced at stripped.dir\layout\dialog_enter_password.xml:25
# Referenced at stripped.dir\layout\create_public_channel_dialog.xml:22
# Referenced at stripped.dir\layout\create_conference_dialog.xml:25
# Referenced at stripped.dir\layout\activity_muc_details.xml:102
# Referenced at stripped.dir\layout\activity_edit_account2.xml:62
# Referenced at stripped.dir\layout\activity_edit_account.xml:62
# Referenced at res\layout\activity_change_password.xml:31
-keep class android.support.design.widget.TextInputLayout { <init>(...); }

# Referenced at res\layout\input_method_extract_view.xml:23
-keep class android.support.text.emoji.widget.EmojiExtractEditText { <init>(...); }

# Referenced at res\layout\input_method_extract_view.xml:40
-keep class android.support.text.emoji.widget.ExtractButtonCompat { <init>(...); }

# Referenced at stripped.dir\layout\activity_start_conversation.xml:23
-keep class android.support.v4.view.ViewPager { <init>(...); }

# Referenced at res\layout\abc_alert_dialog_material.xml:41
-keep class android.support.v4.widget.NestedScrollView { <init>(...); }

# Referenced at res\layout\abc_select_dialog_material.xml:23
-keep class android.support.v7.app.AlertController$RecycleListView { <init>(...); }

# Referenced at res\layout\abc_action_menu_item_layout.xml:17
-keep class android.support.v7.view.menu.ActionMenuItemView { <init>(...); }

# Referenced at res\layout\abc_expanded_menu_layout.xml:17
-keep class android.support.v7.view.menu.ExpandedMenuView { <init>(...); }

# Referenced at res\layout\abc_popup_menu_item_layout.xml:17
# Referenced at res\layout\abc_list_menu_item_layout.xml:17
# Referenced at res\layout\abc_cascading_menu_item_layout.xml:20
-keep class android.support.v7.view.menu.ListMenuItemView { <init>(...); }

# Referenced at res\layout\abc_screen_toolbar.xml:27
-keep class android.support.v7.widget.ActionBarContainer { <init>(...); }

# Referenced at res\layout\abc_screen_toolbar.xml:43
# Referenced at res\layout\abc_action_mode_bar.xml:19
-keep class android.support.v7.widget.ActionBarContextView { <init>(...); }

# Referenced at res\layout\abc_screen_toolbar.xml:17
-keep class android.support.v7.widget.ActionBarOverlayLayout { <init>(...); }

# Referenced at res\layout\abc_action_menu_layout.xml:17
-keep class android.support.v7.widget.ActionMenuView { <init>(...); }

# Referenced at res\layout\abc_activity_chooser_view.xml:19
-keep class android.support.v7.widget.ActivityChooserView$InnerLayout { <init>(...); }

# Referenced at res\layout\abc_alert_dialog_material.xml:18
-keep class android.support.v7.widget.AlertDialogLayout { <init>(...); }

# Referenced at res\layout\sd_fab_with_label_view.xml:35
-keep class android.support.v7.widget.AppCompatTextView { <init>(...); }

# Referenced at res\layout\abc_alert_dialog_button_bar_material.xml:26
-keep class android.support.v7.widget.ButtonBarLayout { <init>(...); }

# Referenced at res\layout\sd_fab_with_label_view.xml:22
# Referenced at stripped.dir\layout\keys_card.xml:4
# Referenced at stripped.dir\layout\activity_trust_keys.xml:24
# Referenced at stripped.dir\layout\activity_publish_profile_picture.xml:11
# Referenced at stripped.dir\layout\activity_muc_details.xml:25
# Referenced at stripped.dir\layout\activity_edit_account2.xml:27
# Referenced at stripped.dir\layout\activity_edit_account.xml:27
# Referenced at stripped.dir\layout\activity_contact_details.xml:26
# Referenced at res\layout\activity_change_password.xml:16
# Referenced at res\layout\activity_about.xml:19
-keep class android.support.v7.widget.CardView { <init>(...); }

# Referenced at res\layout\abc_screen_content_include.xml:19
-keep class android.support.v7.widget.ContentFrameLayout { <init>(...); }

# Referenced at res\layout\abc_alert_dialog_title_material.xml:45
-keep class android.support.v7.widget.DialogTitle { <init>(...); }

# Referenced at res\layout\abc_screen_simple_overlay_action_mode.xml:23
-keep class android.support.v7.widget.FitWindowsFrameLayout { <init>(...); }

# Referenced at res\layout\abc_screen_simple.xml:17
# Referenced at res\layout\abc_dialog_title_material.xml:22
-keep class android.support.v7.widget.FitWindowsLinearLayout { <init>(...); }

# Referenced at stripped.dir\layout\fragment_conversations_overview.xml:10
# Referenced at stripped.dir\layout\fragment_conversation.xml:66
# Referenced at res\layout\activity_share_with.xml:11
# Referenced at stripped.dir\layout\activity_muc_users.xml:23
# Referenced at stripped.dir\layout\activity_muc_details.xml:244
# Referenced at stripped.dir\layout\activity_media_browser.xml:14
# Referenced at stripped.dir\layout\activity_import_backup.xml:35
# Referenced at stripped.dir\layout\activity_contact_details.xml:135
-keep class android.support.v7.widget.RecyclerView { <init>(...); }

# Referenced at res\layout\abc_search_view.xml:75
-keep class android.support.v7.widget.SearchView$SearchAutoComplete { <init>(...); }

# Referenced at stripped.dir\layout\contact_key.xml:72
# Referenced at stripped.dir\layout\account_row.xml:47
-keep class android.support.v7.widget.SwitchCompat { <init>(...); }

# Referenced at res\layout\toolbar.xml:2
# Referenced at res\layout\abc_screen_toolbar.xml:36
-keep class android.support.v7.widget.Toolbar { <init>(...); }

# Referenced at res\layout\abc_screen_simple_overlay_action_mode.xml:32
# Referenced at res\layout\abc_screen_simple.xml:25
-keep class android.support.v7.widget.ViewStubCompat { <init>(...); }

# Referenced at res\layout\abc_alert_dialog_title_material.xml:56
# Referenced at res\layout\abc_alert_dialog_material.xml:52
# Referenced at res\layout\abc_alert_dialog_button_bar_material.xml:43
-keep class android.widget.Space { <init>(...); }

# Referenced at stripped.dir\layout\activity_start_conversation.xml:33
-keep class com.leinardi.android.speeddial.SpeedDialOverlayLayout { <init>(...); }

# Referenced at stripped.dir\layout\activity_start_conversation.xml:41
-keep class com.leinardi.android.speeddial.SpeedDialView { <init>(...); }

# Referenced at res\layout\message_status.xml:22
# Referenced at res\layout\message_sent.xml:22
# Referenced at res\layout\message_received.xml:12
# Referenced at stripped.dir\layout\conversation_list_row.xml:22
# Referenced at stripped.dir\layout\contact.xml:11
# Referenced at stripped.dir\layout\activity_muc_details.xml:44
# Referenced at stripped.dir\layout\activity_edit_account2.xml:41
# Referenced at stripped.dir\layout\activity_edit_account.xml:41
# Referenced at stripped.dir\layout\account_row.xml:13
-keep class com.makeramen.roundedimageview.RoundedImageView { <init>(...); }

# Referenced at res\xml\preferences.xml:345
-keep class com.ru.astron.ui.AboutPreference { <init>(...); }

# Referenced at res\xml\preferences.xml:102
-keep class com.ru.astron.ui.TimePreference { <init>(...); }

# Referenced at res\layout\message_content.xml:15
-keep class com.ru.astron.ui.widget.CopyTextView { <init>(...); }

# Referenced at stripped.dir\layout\fragment_conversation.xml:83
-keep class com.ru.astron.ui.widget.EditMessage { <init>(...); }

# Referenced at stripped.dir\layout\dialog_quickedit.xml:19
# Referenced at stripped.dir\layout\create_public_channel_dialog.xml:29
# Referenced at stripped.dir\layout\create_conference_dialog.xml:31
# Referenced at stripped.dir\layout\activity_muc_details.xml:108
-keep class com.ru.astron.ui.widget.EmojiWrapperEditText { <init>(...); }

# Referenced at stripped.dir\layout\dialog_presence.xml:55
-keep class com.ru.astron.ui.widget.ImmediateAutoCompleteTextView { <init>(...); }

# Referenced at res\layout\activity_scan.xml:12
-keep class com.ru.astron.ui.widget.ScannerView { <init>(...); }

# Referenced at stripped.dir\layout\user_preview.xml:3
# Referenced at stripped.dir\layout\media.xml:3
-keep class com.ru.astron.ui.widget.SquareFrameLayout { <init>(...); }

# Referenced at stripped.dir\layout\dialog_enter_password.xml:36
# Referenced at stripped.dir\layout\activity_edit_account2.xml:70
# Referenced at stripped.dir\layout\activity_edit_account.xml:70
# Referenced at res\layout\activity_change_password.xml:41
-keep class com.ru.astron.ui.widget.TextInputEditText { <init>(...); }

# Referenced at stripped.dir\layout\fragment_conversation.xml:42
# Referenced at stripped.dir\layout\conversation_list_row.xml:108
-keep class com.ru.astron.ui.widget.UnreadCountCustomView { <init>(...); }

# Referenced at res\layout\crop_image_activity.xml:2
-keep class com.theartofdev.edmodo.cropper.CropImageView { <init>(...); }

# Referenced at res\layout\crop_image_view.xml:13
-keep class com.theartofdev.edmodo.cropper.CropOverlayView { <init>(...); }

# Referenced at stripped.dir\layout\contact.xml:41
# Referenced at stripped.dir\layout\activity_contact_details.xml:61
-keep class com.wefika.flowlayout.FlowLayout { <init>(...); }

# Referenced at stripped.dir\layout\activity_show_location.xml:15
# Referenced at stripped.dir\layout\activity_share_location.xml:24
-keep class org.osmdroid.views.MapView { <init>(...); }