build/outputs/mapping/conversationsFreeCompat/release/mapping.txt
# compiler: R8
# compiler_version: 1.4.77
# min_api: 16
com.ru.astron.Config -> com.ru.astron.Config:
    37:150:void <clinit>() -> <clinit>
com.ru.astron.Config$OMEMO_EXCEPTIONS -> com.ru.astron.Config$OMEMO_EXCEPTIONS:
    161:165:void <clinit>() -> <clinit>
com.ru.astron.DataBinderMapperImpl -> com.ru.astron.DataBinderMapperImpl:
    123:159:void <clinit>() -> <clinit>
    54:54:void <init>() -> <init>
    417:418:java.util.List collectDependencies() -> collectDependencies
    164:168:android.databinding.ViewDataBinding getDataBinder(android.databinding.DataBindingComponent,android.view.View,int) -> getDataBinder
    385:392:android.databinding.ViewDataBinding getDataBinder(android.databinding.DataBindingComponent,android.view.View[],int) -> getDataBinder
com.ru.astron.R$styleable -> com.ru.astron.R$styleable:
    8336:21040:void <clinit>() -> <clinit>
com.ru.astron.android.AbstractPhoneContact -> com.ru.astron.android.AbstractPhoneContact:
    15:20:void <init>(android.database.Cursor) -> <init>
    28:28:java.lang.String getDisplayName() -> getDisplayName
    24:24:android.net.Uri getLookupUri() -> getLookupUri
    32:32:java.lang.String getPhotoUri() -> getPhotoUri
    37:37:int rating() -> rating
com.ru.astron.android.JabberIdContact -> com.ru.astron.android.JabberIdContact:
    23:27:void <init>(android.database.Cursor) -> <init>
    32:32:rocks.xmpp.addr.Jid getJid() -> getJid
    36:54:java.util.Map load(android.content.Context) -> load
com.ru.astron.crypto.OmemoSetting -> com.ru.astron.crypto.OmemoSetting:
    51:51:int getEncryption() -> getEncryption
    47:47:boolean isAlways() -> isAlways
    55:59:void load(android.content.Context,android.content.SharedPreferences) -> load
    74:74:void load(android.content.Context) -> load
com.ru.astron.crypto.PgpDecryptionService -> com.ru.astron.crypto.PgpDecryptionService:
    41:42:void <init>(com.ru.astron.services.XmppConnectionService) -> <init>
    30:30:com.ru.astron.entities.Message access$000(com.ru.astron.crypto.PgpDecryptionService) -> access$000
    30:30:void access$100(com.ru.astron.crypto.PgpDecryptionService,com.ru.astron.entities.Message) -> access$100
    113:116:void continueDecryption(boolean) -> continueDecryption
    119:122:void continueDecryption(android.content.Intent) -> continueDecryption
    125:128:void continueDecryption() -> continueDecryption
    46:53:boolean decrypt(com.ru.astron.entities.Message,boolean) -> decrypt
    58:64:void decrypt(java.util.List) -> decrypt
    98:109:void decryptNext() -> decryptNext
    67:69:void discard(java.util.List) -> discard
    72:74:void discard(com.ru.astron.entities.Message) -> discard
    139:237:void executeApi(com.ru.astron.entities.Message) -> executeApi
    131:134:org.openintents.openpgp.util.OpenPgpApi getOpenPgpApi() -> getOpenPgpApi
    268:268:android.app.PendingIntent getPendingIntent() -> getPendingIntent
    78:87:void giveUpCurrentDecryption() -> giveUpCurrentDecryption
    255:263:boolean hasPendingIntent(com.ru.astron.entities.Conversation) -> hasPendingIntent
    272:272:boolean isConnected() -> isConnected
    217:217:void lambda$executeApi$0(com.ru.astron.entities.Message) -> lambda$executeApi$0$PgpDecryptionService
com.ru.astron.crypto.PgpDecryptionService$1 -> com.ru.astron.crypto.PgpDecryptionService$1:
    101:101:void <init>(com.ru.astron.crypto.PgpDecryptionService) -> <init>
    104:105:void run() -> run
...
android.support.v4.widget.ImageViewCompat -> android.support.v4.widget.ImageViewCompat:
    37:41:android.content.res.ColorStateList getImageTintList(android.widget.ImageView) -> getImageTintList
    76:80:android.graphics.PorterDuff$Mode getImageTintMode(android.widget.ImageView) -> getImageTintMode
    50:67:void setImageTintList(android.widget.ImageView,android.content.res.ColorStateList) -> setImageTintList
    90:107:void setImageTintMode(android.widget.ImageView,android.graphics.PorterDuff$Mode) -> setImageTintMode
android.support.v4.widget.ListViewAutoScrollHelper -> android.support.v4.widget.ListViewAutoScrollHelper:
    33:35:void <init>(android.widget.ListView) -> <init>
    51:73:boolean canTargetScrollVertically(int) -> canTargetScrollVertically
    40:40:void scrollTargetBy(int,int) -> scrollTargetBy
android.support.v4.widget.ListViewCompat -> android.support.v4.widget.ListViewCompat:
    67:85:boolean canScrollList(android.widget.ListView,int) -> canScrollList
    37:53:void scrollListBy(android.widget.ListView,int) -> scrollListBy
android.support.v4.widget.NestedScrollView -> android.support.v4.widget.NestedScrollView:
    175:177:void <clinit>() -> <clinit>
    189:189:void <init>(android.content.Context) -> <init>
    193:193:void <init>(android.content.Context,android.util.AttributeSet) -> <init>
    198:214:void <init>(android.content.Context,android.util.AttributeSet,int) -> <init>
    443:444:void addView(android.view.View) -> addView
    452:453:void addView(android.view.View,int) -> addView
    461:462:void addView(android.view.View,android.view.ViewGroup$LayoutParams) -> addView
    470:471:void addView(android.view.View,int,android.view.ViewGroup$LayoutParams) -> addView
    1286:1330:boolean arrowScroll(int) -> arrowScroll
    494:498:boolean canScroll() -> canScroll
    1472:1472:int computeHorizontalScrollExtent() -> computeHorizontalScrollExtent
    1465:1465:int computeHorizontalScrollOffset() -> computeHorizontalScrollOffset
    1458:1458:int computeHorizontalScrollRange() -> computeHorizontalScrollRange
    1507:1552:void computeScroll() -> computeScroll
    1604:1663:int computeScrollDeltaToGetChildRectOnScreen(android.graphics.Rect) -> computeScrollDeltaToGetChildRectOnScreen
    1451:1451:int computeVerticalScrollExtent() -> computeVerticalScrollExtent
    1444:1444:int computeVerticalScrollOffset() -> computeVerticalScrollOffset
    1420:1430:int computeVerticalScrollRange() -> computeVerticalScrollRange
android.support.v4.widget.NestedScrollView$AccessibilityDelegate -> android.support.v4.widget.NestedScrollView$AccessibilityDelegate:
    2027:2027:void <init>() -> <init>
    2084:2092:void onInitializeAccessibilityEvent(android.view.View,android.view.accessibility.AccessibilityEvent) -> onInitializeAccessibilityEvent
    2065:2076:void onInitializeAccessibilityNodeInfo(android.view.View,android.support.v4.view.accessibility.AccessibilityNodeInfoCompat) -> onInitializeAccessibilityNodeInfo
    2030:2044:boolean performAccessibilityAction(android.view.View,int,android.os.Bundle) -> performAccessibilityAction
android.support.v4.widget.NestedScrollView$SavedState -> android.support.v4.widget.NestedScrollView$SavedState:
    2013:2013:void <clinit>() -> <clinit>
    1992:1992:void <init>(android.os.Parcelable) -> <init>
    1996:1997:void <init>(android.os.Parcel) -> <init>
    2008:2009:java.lang.String toString() -> toString
    2002:2003:void writeToParcel(android.os.Parcel,int) -> writeToParcel